-------------------------------------------------------------------------------
Test set: com.example.MiniProject1.MiniProject1UserTests
-------------------------------------------------------------------------------
Tests run: 19, Failures: 0, Errors: 2, Skipped: 0, Time elapsed: 0.258 s <<< FAILURE! -- in com.example.MiniProject1.MiniProject1UserTests
com.example.MiniProject1.MiniProject1UserTests.removeOrderFromUser_withValidUserAndSingleOrder_ShouldRemoveOrderSuccessfully -- Time elapsed: 0.015 s <<< ERROR!
org.springframework.web.server.ResponseStatusException: 404 NOT_FOUND "Cart not found"
	at com.example.repository.CartRepository.getCartByUserId(CartRepository.java:57)
	at java.base/jdk.internal.reflect.DirectMethodHandleAccessor.invoke(DirectMethodHandleAccessor.java:103)
	at java.base/java.lang.reflect.Method.invoke(Method.java:580)
	at org.springframework.aop.support.AopUtils.invokeJoinpointUsingReflection(AopUtils.java:359)
	at org.springframework.aop.framework.ReflectiveMethodInvocation.invokeJoinpoint(ReflectiveMethodInvocation.java:196)
	at org.springframework.aop.framework.ReflectiveMethodInvocation.proceed(ReflectiveMethodInvocation.java:163)
	at org.springframework.dao.support.PersistenceExceptionTranslationInterceptor.invoke(PersistenceExceptionTranslationInterceptor.java:138)
	at org.springframework.aop.framework.ReflectiveMethodInvocation.proceed(ReflectiveMethodInvocation.java:184)
	at org.springframework.aop.framework.CglibAopProxy$DynamicAdvisedInterceptor.intercept(CglibAopProxy.java:727)
	at com.example.repository.CartRepository$$SpringCGLIB$$0.getCartByUserId(<generated>)
	at com.example.repository.UserRepository.emptyCart(UserRepository.java:107)
	at com.example.repository.UserRepository.addOrderToUser(UserRepository.java:99)
	at java.base/jdk.internal.reflect.DirectMethodHandleAccessor.invoke(DirectMethodHandleAccessor.java:103)
	at java.base/java.lang.reflect.Method.invoke(Method.java:580)
	at org.springframework.aop.support.AopUtils.invokeJoinpointUsingReflection(AopUtils.java:359)
	at org.springframework.aop.framework.ReflectiveMethodInvocation.invokeJoinpoint(ReflectiveMethodInvocation.java:196)
	at org.springframework.aop.framework.ReflectiveMethodInvocation.proceed(ReflectiveMethodInvocation.java:163)
	at org.springframework.dao.support.PersistenceExceptionTranslationInterceptor.invoke(PersistenceExceptionTranslationInterceptor.java:138)
	at org.springframework.aop.framework.ReflectiveMethodInvocation.proceed(ReflectiveMethodInvocation.java:184)
	at org.springframework.aop.framework.CglibAopProxy$DynamicAdvisedInterceptor.intercept(CglibAopProxy.java:727)
	at com.example.repository.UserRepository$$SpringCGLIB$$0.addOrderToUser(<generated>)
	at com.example.MiniProject1.MiniProject1UserTests.removeOrderFromUser_withValidUserAndSingleOrder_ShouldRemoveOrderSuccessfully(MiniProject1UserTests.java:242)
	at java.base/java.lang.reflect.Method.invoke(Method.java:580)
	at java.base/java.util.ArrayList.forEach(ArrayList.java:1597)
	at java.base/java.util.ArrayList.forEach(ArrayList.java:1597)

com.example.MiniProject1.MiniProject1UserTests.removeOrderFromUser_withInvalidOrder_ShouldThrowException -- Time elapsed: 0.017 s <<< ERROR!
org.springframework.web.server.ResponseStatusException: 404 NOT_FOUND "Cart not found"
	at com.example.repository.CartRepository.getCartByUserId(CartRepository.java:57)
	at java.base/jdk.internal.reflect.DirectMethodHandleAccessor.invoke(DirectMethodHandleAccessor.java:103)
	at java.base/java.lang.reflect.Method.invoke(Method.java:580)
	at org.springframework.aop.support.AopUtils.invokeJoinpointUsingReflection(AopUtils.java:359)
	at org.springframework.aop.framework.ReflectiveMethodInvocation.invokeJoinpoint(ReflectiveMethodInvocation.java:196)
	at org.springframework.aop.framework.ReflectiveMethodInvocation.proceed(ReflectiveMethodInvocation.java:163)
	at org.springframework.dao.support.PersistenceExceptionTranslationInterceptor.invoke(PersistenceExceptionTranslationInterceptor.java:138)
	at org.springframework.aop.framework.ReflectiveMethodInvocation.proceed(ReflectiveMethodInvocation.java:184)
	at org.springframework.aop.framework.CglibAopProxy$DynamicAdvisedInterceptor.intercept(CglibAopProxy.java:727)
	at com.example.repository.CartRepository$$SpringCGLIB$$0.getCartByUserId(<generated>)
	at com.example.repository.UserRepository.emptyCart(UserRepository.java:107)
	at com.example.repository.UserRepository.addOrderToUser(UserRepository.java:99)
	at java.base/jdk.internal.reflect.DirectMethodHandleAccessor.invoke(DirectMethodHandleAccessor.java:103)
	at java.base/java.lang.reflect.Method.invoke(Method.java:580)
	at org.springframework.aop.support.AopUtils.invokeJoinpointUsingReflection(AopUtils.java:359)
	at org.springframework.aop.framework.ReflectiveMethodInvocation.invokeJoinpoint(ReflectiveMethodInvocation.java:196)
	at org.springframework.aop.framework.ReflectiveMethodInvocation.proceed(ReflectiveMethodInvocation.java:163)
	at org.springframework.dao.support.PersistenceExceptionTranslationInterceptor.invoke(PersistenceExceptionTranslationInterceptor.java:138)
	at org.springframework.aop.framework.ReflectiveMethodInvocation.proceed(ReflectiveMethodInvocation.java:184)
	at org.springframework.aop.framework.CglibAopProxy$DynamicAdvisedInterceptor.intercept(CglibAopProxy.java:727)
	at com.example.repository.UserRepository$$SpringCGLIB$$0.addOrderToUser(<generated>)
	at com.example.MiniProject1.MiniProject1UserTests.removeOrderFromUser_withInvalidOrder_ShouldThrowException(MiniProject1UserTests.java:257)
	at java.base/java.lang.reflect.Method.invoke(Method.java:580)
	at java.base/java.util.ArrayList.forEach(ArrayList.java:1597)
	at java.base/java.util.ArrayList.forEach(ArrayList.java:1597)

