<?xml version="1.0" encoding="UTF-8"?>
<testsuite xmlns:xsi="http://www.w3.org/2001/XMLSchema-instance" xsi:noNamespaceSchemaLocation="https://maven.apache.org/surefire/maven-surefire-plugin/xsd/surefire-test-report.xsd" version="3.0.2" name="com.example.MiniProject1.MiniProject1UserTests" time="0.346" tests="25" errors="2" skipped="0" failures="0">
  <properties>
[...]
</properties>
  <testcase name="testEmptyCart_CartExistsWithNoProducts_ShouldDoNothing" classname="com.example.MiniProject1.MiniProject1UserTests" time="0.018">
    <system-out><![CDATA[2025-03-04T20:44:21.644+02:00  INFO 28592 --- [MiniProject1] [           main] t.c.s.AnnotationConfigContextLoaderUtils : Could not detect default configuration classes for test class [com.example.MiniProject1.MiniProject1UserTests]: MiniProject1UserTests does not declare any static, non-private, non-final, nested classes annotated with @Configuration.
2025-03-04T20:44:21.646+02:00  INFO 28592 --- [MiniProject1] [           main] .b.t.c.SpringBootTestContextBootstrapper : Found @SpringBootConfiguration com.example.MiniProject1.MiniProject1Application for test class com.example.MiniProject1.MiniProject1UserTests
saved userUser(id=d2c003e7-e8da-425e-aa6a-b26ccb1cd51c, name=TestUser, orders=[])doool
cart is Empty
]]></system-out>
  </testcase>
  <testcase name="testGetUsers_NoUsers_ShouldReturnEmptyList" classname="com.example.MiniProject1.MiniProject1UserTests" time="0.004"/>
  <testcase name="testAddOrderToUser_Success" classname="com.example.MiniProject1.MiniProject1UserTests" time="0.019">
    <system-out><![CDATA[saved userUser(id=9540024e-edd7-40ac-be12-1e2ab26a75b4, name=Test User, orders=[]) orderOrder(id=4f90344f-f764-4989-9061-dfd59236d57f, userId=9540024e-edd7-40ac-be12-1e2ab26a75b4, totalPrice=10.0, products=[Product(id=53f41908-599c-4ac2-bd38-d92c5fe2abd7, name=Test Product, price=10.0)])
doool
tooo
saved order1
]]></system-out>
  </testcase>
  <testcase name="testGetOrdersByUserId_UserNotFound_ShouldThrowRuntimeException" classname="com.example.MiniProject1.MiniProject1UserTests" time="0.015"/>
  <testcase name="testEmptyCart_CartExistsWithProducts_ShouldRemoveProducts" classname="com.example.MiniProject1.MiniProject1UserTests" time="0.02">
    <system-out><![CDATA[saved userUser(id=6ca9da53-3f07-4192-8a4d-5a56d7f7b47e, name=TestUser, orders=[])doool
tooo
tooo
]]></system-out>
  </testcase>
  <testcase name="testAddUser_ExistingUser_ShouldThrowException" classname="com.example.MiniProject1.MiniProject1UserTests" time="0.008">
    <system-out><![CDATA[Exception caught: User already exists
]]></system-out>
  </testcase>
  <testcase name="deleteUserById_whenUserListIsEmpty_shouldThrowException" classname="com.example.MiniProject1.MiniProject1UserTests" time="0.011"/>
  <testcase name="testGetUserById_UserNotFound_ShouldThrowRuntimeException" classname="com.example.MiniProject1.MiniProject1UserTests" time="0.009"/>
  <testcase name="testGetUsers_WithUsers_ShouldReturnListOfUsers" classname="com.example.MiniProject1.MiniProject1UserTests" time="0.011">
    <system-out><![CDATA[saved userUser(id=e1f4bd02-9099-4b6d-9816-0431e60d2946, name=Alice, orders=[Order(id=f0c27621-5454-4eb3-a8ed-0eba2b6db2c1, userId=f06938b5-bf2b-4e24-92c7-f9745445e587, totalPrice=20.0, products=[Product(id=d6bdcf4d-9161-4834-96d1-8554cff69ce5, name=Product A, price=10.0)])])saved userUser(id=e1f4bd02-9099-4b6d-9816-0431e60d2946, name=Alice, orders=[Order(id=f0c27621-5454-4eb3-a8ed-0eba2b6db2c1, userId=f06938b5-bf2b-4e24-92c7-f9745445e587, totalPrice=20.0, products=[Product(id=d6bdcf4d-9161-4834-96d1-8554cff69ce5, name=Product A, price=10.0)])])saved userUser(id=eeaea004-f684-4a42-ba3e-e901b98c9b5e, name=Bob, orders=[Order(id=2163b3ed-e173-4b75-911d-3f1265c64a08, userId=6ff0164e-e48d-41b7-a783-c073878166f1, totalPrice=30.0, products=[Product(id=baf73355-85be-4e19-9054-dbe359f572ed, name=Product B, price=15.0)])])]]></system-out>
  </testcase>
  <testcase name="testGetOrdersByUserId_NullUserId_ShouldThrowIllegalArgumentException" classname="com.example.MiniProject1.MiniProject1UserTests" time="0.006"/>
  <testcase name="deleteUserById_withInvalidId_shouldThrowException" classname="com.example.MiniProject1.MiniProject1UserTests" time="0.007"/>
  <testcase name="testGetUsers_ExceptionThrown_ShouldReturnEmptyList" classname="com.example.MiniProject1.MiniProject1UserTests" time="0.006"/>
  <testcase name="testAddUser_NullUser_ShouldThrowException" classname="com.example.MiniProject1.MiniProject1UserTests" time="0.004">
    <system-out><![CDATA[Exception caught: User cannot be null
]]></system-out>
  </testcase>
  <testcase name="deleteUserById_withValidId_shouldDeleteUser" classname="com.example.MiniProject1.MiniProject1UserTests" time="0.009"/>
  <testcase name="testGetOrdersByUserId_UserExistsWithOrders_ShouldReturnOrders" classname="com.example.MiniProject1.MiniProject1UserTests" time="0.007">
    <system-out><![CDATA[saved userUser(id=a8222238-520c-4d5c-890c-829a68df5957, name=Test User, orders=[Order(id=213d2c12-539c-4b35-897b-260831f35b8e, userId=a8222238-520c-4d5c-890c-829a68df5957, totalPrice=100.0, products=[])])]]></system-out>
  </testcase>
  <testcase name="testGetOrdersByUserId_UserExistsWithEmptyOrderList_ShouldReturnEmptyList" classname="com.example.MiniProject1.MiniProject1UserTests" time="0.006">
    <system-out><![CDATA[saved userUser(id=39b61297-82bf-45dd-b0c8-de05502f5b52, name=Test User, orders=[])]]></system-out>
  </testcase>
  <testcase name="removeOrderFromUser_withInvalidUser_shouldThrowException" classname="com.example.MiniProject1.MiniProject1UserTests" time="0.004"/>
  <testcase name="removeOrderFromUser_withValidUserAndSingleOrder_ShouldRemoveOrderSuccessfully" classname="com.example.MiniProject1.MiniProject1UserTests" time="0.009">
    <error message="404 NOT_FOUND &quot;Cart not found&quot;" type="org.springframework.web.server.ResponseStatusException"><![CDATA[org.springframework.web.server.ResponseStatusException: 404 NOT_FOUND "Cart not found"
	at com.example.repository.CartRepository.getCartByUserId(CartRepository.java:62)
	at java.base/jdk.internal.reflect.DirectMethodHandleAccessor.invoke(DirectMethodHandleAccessor.java:103)
	at java.base/java.lang.reflect.Method.invoke(Method.java:580)
	at org.springframework.aop.support.AopUtils.invokeJoinpointUsingReflection(AopUtils.java:359)
	at org.springframework.aop.framework.ReflectiveMethodInvocation.invokeJoinpoint(ReflectiveMethodInvocation.java:196)
	at org.springframework.aop.framework.ReflectiveMethodInvocation.proceed(ReflectiveMethodInvocation.java:163)
	at org.springframework.dao.support.PersistenceExceptionTranslationInterceptor.invoke(PersistenceExceptionTranslationInterceptor.java:138)
	at org.springframework.aop.framework.ReflectiveMethodInvocation.proceed(ReflectiveMethodInvocation.java:184)
	at org.springframework.aop.framework.CglibAopProxy$DynamicAdvisedInterceptor.intercept(CglibAopProxy.java:727)
	at com.example.repository.CartRepository$$SpringCGLIB$$0.getCartByUserId(<generated>)
	at com.example.repository.UserRepository.emptyCart(UserRepository.java:107)
	at com.example.repository.UserRepository.addOrderToUser(UserRepository.java:98)
	at java.base/jdk.internal.reflect.DirectMethodHandleAccessor.invoke(DirectMethodHandleAccessor.java:103)
	at java.base/java.lang.reflect.Method.invoke(Method.java:580)
	at org.springframework.aop.support.AopUtils.invokeJoinpointUsingReflection(AopUtils.java:359)
	at org.springframework.aop.framework.ReflectiveMethodInvocation.invokeJoinpoint(ReflectiveMethodInvocation.java:196)
	at org.springframework.aop.framework.ReflectiveMethodInvocation.proceed(ReflectiveMethodInvocation.java:163)
	at org.springframework.dao.support.PersistenceExceptionTranslationInterceptor.invoke(PersistenceExceptionTranslationInterceptor.java:138)
	at org.springframework.aop.framework.ReflectiveMethodInvocation.proceed(ReflectiveMethodInvocation.java:184)
	at org.springframework.aop.framework.CglibAopProxy$DynamicAdvisedInterceptor.intercept(CglibAopProxy.java:727)
	at com.example.repository.UserRepository$$SpringCGLIB$$0.addOrderToUser(<generated>)
	at com.example.MiniProject1.MiniProject1UserTests.removeOrderFromUser_withValidUserAndSingleOrder_ShouldRemoveOrderSuccessfully(MiniProject1UserTests.java:247)
	at java.base/java.lang.reflect.Method.invoke(Method.java:580)
	at java.base/java.util.ArrayList.forEach(ArrayList.java:1597)
	at java.base/java.util.ArrayList.forEach(ArrayList.java:1597)
]]></error>
    <system-out><![CDATA[saved userUser(id=2bae6bcd-0a62-42f1-891d-6f4f3152ff75, name=TestUser, orders=[]) orderOrder(id=150f9a75-4004-4ab7-a1f3-cdba979ad29f, userId=2bae6bcd-0a62-42f1-891d-6f4f3152ff75, totalPrice=100.0, products=[])
doool
]]></system-out>
  </testcase>
  <testcase name="removeOrderFromUser_withInvalidOrder_ShouldThrowException" classname="com.example.MiniProject1.MiniProject1UserTests" time="0.01">
    <error message="404 NOT_FOUND &quot;Cart not found&quot;" type="org.springframework.web.server.ResponseStatusException"><![CDATA[org.springframework.web.server.ResponseStatusException: 404 NOT_FOUND "Cart not found"
	at com.example.repository.CartRepository.getCartByUserId(CartRepository.java:62)
	at java.base/jdk.internal.reflect.DirectMethodHandleAccessor.invoke(DirectMethodHandleAccessor.java:103)
	at java.base/java.lang.reflect.Method.invoke(Method.java:580)
	at org.springframework.aop.support.AopUtils.invokeJoinpointUsingReflection(AopUtils.java:359)
	at org.springframework.aop.framework.ReflectiveMethodInvocation.invokeJoinpoint(ReflectiveMethodInvocation.java:196)
	at org.springframework.aop.framework.ReflectiveMethodInvocation.proceed(ReflectiveMethodInvocation.java:163)
	at org.springframework.dao.support.PersistenceExceptionTranslationInterceptor.invoke(PersistenceExceptionTranslationInterceptor.java:138)
	at org.springframework.aop.framework.ReflectiveMethodInvocation.proceed(ReflectiveMethodInvocation.java:184)
	at org.springframework.aop.framework.CglibAopProxy$DynamicAdvisedInterceptor.intercept(CglibAopProxy.java:727)
	at com.example.repository.CartRepository$$SpringCGLIB$$0.getCartByUserId(<generated>)
	at com.example.repository.UserRepository.emptyCart(UserRepository.java:107)
	at com.example.repository.UserRepository.addOrderToUser(UserRepository.java:98)
	at java.base/jdk.internal.reflect.DirectMethodHandleAccessor.invoke(DirectMethodHandleAccessor.java:103)
	at java.base/java.lang.reflect.Method.invoke(Method.java:580)
	at org.springframework.aop.support.AopUtils.invokeJoinpointUsingReflection(AopUtils.java:359)
	at org.springframework.aop.framework.ReflectiveMethodInvocation.invokeJoinpoint(ReflectiveMethodInvocation.java:196)
	at org.springframework.aop.framework.ReflectiveMethodInvocation.proceed(ReflectiveMethodInvocation.java:163)
	at org.springframework.dao.support.PersistenceExceptionTranslationInterceptor.invoke(PersistenceExceptionTranslationInterceptor.java:138)
	at org.springframework.aop.framework.ReflectiveMethodInvocation.proceed(ReflectiveMethodInvocation.java:184)
	at org.springframework.aop.framework.CglibAopProxy$DynamicAdvisedInterceptor.intercept(CglibAopProxy.java:727)
	at com.example.repository.UserRepository$$SpringCGLIB$$0.addOrderToUser(<generated>)
	at com.example.MiniProject1.MiniProject1UserTests.removeOrderFromUser_withInvalidOrder_ShouldThrowException(MiniProject1UserTests.java:262)
	at java.base/java.lang.reflect.Method.invoke(Method.java:580)
	at java.base/java.util.ArrayList.forEach(ArrayList.java:1597)
	at java.base/java.util.ArrayList.forEach(ArrayList.java:1597)
]]></error>
    <system-out><![CDATA[saved userUser(id=6aac5a62-9a24-420b-9ee9-18648c093da5, name=TestUser, orders=[]) orderOrder(id=2265374e-1b1d-4be4-b7a4-912e45b362af, userId=6aac5a62-9a24-420b-9ee9-18648c093da5, totalPrice=100.0, products=[])
doool
]]></system-out>
  </testcase>
  <testcase name="testAddUser_NewUser_ShouldBeSavedSuccessfully" classname="com.example.MiniProject1.MiniProject1UserTests" time="0.006">
    <system-out><![CDATA[saved userUser(id=b73e6305-a2c6-4301-b372-ed85472c7cdd, name=Jane Doe, orders=[])User added successfully: User(id=b73e6305-a2c6-4301-b372-ed85472c7cdd, name=Jane Doe, orders=[])
]]></system-out>
  </testcase>
  <testcase name="testGetUserById_ValidId_ShouldReturnUser" classname="com.example.MiniProject1.MiniProject1UserTests" time="0.006">
    <system-out><![CDATA[saved userUser(id=beafe01d-e971-4d30-b01f-58bce053ccbc, name=Alice, orders=[Order(id=9919c9fa-75cc-4206-a6b0-e74be7abf946, userId=beafe01d-e971-4d30-b01f-58bce053ccbc, totalPrice=50.0, products=[])])]]></system-out>
  </testcase>
  <testcase name="testAddOrderToUser_UserNotFound" classname="com.example.MiniProject1.MiniProject1UserTests" time="0.005"/>
  <testcase name="testEmptyCart_CartDoesNotExist_ShouldThrowNotFound" classname="com.example.MiniProject1.MiniProject1UserTests" time="0.008">
    <system-out><![CDATA[saved userUser(id=a7658552-c423-4cd8-a200-b1bfa930a4e6, name=TestUser, orders=[])doool
]]></system-out>
  </testcase>
  <testcase name="testAddOrderToUser_CartEmpty" classname="com.example.MiniProject1.MiniProject1UserTests" time="0.006">
    <system-out><![CDATA[saved userUser(id=7593b539-89bd-46c5-ba85-03872e89411c, name=Test User, orders=[])]]></system-out>
  </testcase>
  <testcase name="testGetUserById_NullUserId_ShouldThrowIllegalArgumentException" classname="com.example.MiniProject1.MiniProject1UserTests" time="0.003"/>
</testsuite>