<?xml version="1.0" encoding="UTF-8"?>
<testsuite xmlns:xsi="http://www.w3.org/2001/XMLSchema-instance" xsi:noNamespaceSchemaLocation="https://maven.apache.org/surefire/maven-surefire-plugin/xsd/surefire-test-report.xsd" version="3.0.2" name="com.example.MiniProject1.MiniProject1ApplicationTests" time="2.912" tests="27" errors="3" skipped="0" failures="7">
  <properties>
[...]
</properties>
  <testcase name="testGetUsersEndPoint" classname="com.example.MiniProject1.MiniProject1ApplicationTests" time="0.18">
    <system-out><![CDATA[12:57:54.913 [main] INFO org.springframework.test.context.support.AnnotationConfigContextLoaderUtils -- Could not detect default configuration classes for test class [com.example.MiniProject1.MiniProject1ApplicationTests]: MiniProject1ApplicationTests does not declare any static, non-private, non-final, nested classes annotated with @Configuration.
12:57:55.083 [main] INFO org.springframework.boot.test.context.SpringBootTestContextBootstrapper -- Found @SpringBootConfiguration com.example.MiniProject1.MiniProject1Application for test class com.example.MiniProject1.MiniProject1ApplicationTests
12:57:55.180 [main] INFO org.springframework.boot.devtools.restart.RestartApplicationListener -- Restart disabled due to context in which it is running

  .   ____          _            __ _ _
 /\\ / ___'_ __ _ _(_)_ __  __ _ \ \ \ \
( ( )\___ | '_ | '_| | '_ \/ _` | \ \ \ \
 \\/  ___)| |_)| | | | | || (_| |  ) ) ) )
  '  |____| .__|_| |_|_| |_\__, | / / / /
 =========|_|==============|___/=/_/_/_/

 :: Spring Boot ::                (v3.4.2)

2025-03-03T12:57:55.629+02:00  INFO 3520 --- [MiniProject1] [           main] c.e.M.MiniProject1ApplicationTests       : Starting MiniProject1ApplicationTests using Java 23.0.2 with PID 3520 (started by John in D:\Learning\University\Semester 10\ACL CSEN1002\6-Horizon)
2025-03-03T12:57:55.631+02:00  INFO 3520 --- [MiniProject1] [           main] c.e.M.MiniProject1ApplicationTests       : No active profile set, falling back to 1 default profile: "default"
2025-03-03T12:57:56.880+02:00  INFO 3520 --- [MiniProject1] [           main] o.s.b.t.m.w.SpringBootMockServletContext : Initializing Spring TestDispatcherServlet ''
2025-03-03T12:57:56.880+02:00  INFO 3520 --- [MiniProject1] [           main] o.s.t.web.servlet.TestDispatcherServlet  : Initializing Servlet ''
2025-03-03T12:57:56.884+02:00  INFO 3520 --- [MiniProject1] [           main] o.s.t.web.servlet.TestDispatcherServlet  : Completed initialization in 2 ms
2025-03-03T12:57:56.922+02:00  INFO 3520 --- [MiniProject1] [           main] c.e.M.MiniProject1ApplicationTests       : Started MiniProject1ApplicationTests in 1.755 seconds (process running for 4.596)
]]></system-out>
  </testcase>
  <testcase name="testGetCartByIdEndPoint" classname="com.example.MiniProject1.MiniProject1ApplicationTests" time="0.05"/>
  <testcase name="testEmptyCartEndpoint" classname="com.example.MiniProject1.MiniProject1ApplicationTests" time="0.025"/>
  <testcase name="testAddOrderEndPoint" classname="com.example.MiniProject1.MiniProject1ApplicationTests" time="0.023"/>
  <testcase name="testApplyDiscountEndPoint" classname="com.example.MiniProject1.MiniProject1ApplicationTests" time="0.019">
    <failure message="Response content expected:&lt;Discount applied successfully&gt; but was:&lt;&gt;" type="java.lang.AssertionError"><![CDATA[java.lang.AssertionError: Response content expected:<Discount applied successfully> but was:<>
	at org.springframework.test.util.AssertionErrors.fail(AssertionErrors.java:61)
	at org.springframework.test.util.AssertionErrors.assertEquals(AssertionErrors.java:128)
	at org.springframework.test.web.servlet.result.ContentResultMatchers.lambda$string$4(ContentResultMatchers.java:148)
	at org.springframework.test.web.servlet.MockMvc$1.andExpect(MockMvc.java:214)
	at com.example.MiniProject1.MiniProject1ApplicationTests.testApplyDiscountEndPoint(MiniProject1ApplicationTests.java:578)
	at java.base/java.lang.reflect.Method.invoke(Method.java:580)
	at java.base/java.util.ArrayList.forEach(ArrayList.java:1597)
	at java.base/java.util.ArrayList.forEach(ArrayList.java:1597)
]]></failure>
    <system-out><![CDATA[
MockHttpServletRequest:
      HTTP Method = PUT
      Request URI = /product/applyDiscount
       Parameters = {discount=[10.0]}
          Headers = [Content-Type:"application/json;charset=UTF-8", Content-Length:"40"]
             Body = ["2206bd42-a937-404a-aba4-8733d60ca3bc"]
    Session Attrs = {}

Handler:
             Type = com.example.controller.ProductController
           Method = com.example.controller.ProductController#applyDiscount(double, ArrayList)

Async:
    Async started = false
     Async result = null

Resolved Exception:
             Type = null

ModelAndView:
        View name = null
             View = null
            Model = null

FlashMap:
       Attributes = null

MockHttpServletResponse:
           Status = 200
    Error message = null
          Headers = []
     Content type = null
             Body = 
    Forwarded URL = null
   Redirected URL = null
          Cookies = []
]]></system-out>
  </testcase>
  <testcase name="testDeleteOrderByIdEndPoint" classname="com.example.MiniProject1.MiniProject1ApplicationTests" time="0.011">
    <failure message="Response content expected:&lt;Order deleted successfully&gt; but was:&lt;&gt;" type="java.lang.AssertionError"><![CDATA[java.lang.AssertionError: Response content expected:<Order deleted successfully> but was:<>
	at org.springframework.test.util.AssertionErrors.fail(AssertionErrors.java:61)
	at org.springframework.test.util.AssertionErrors.assertEquals(AssertionErrors.java:128)
	at org.springframework.test.web.servlet.result.ContentResultMatchers.lambda$string$4(ContentResultMatchers.java:148)
	at org.springframework.test.web.servlet.MockMvc$1.andExpect(MockMvc.java:214)
	at com.example.MiniProject1.MiniProject1ApplicationTests.testDeleteOrderByIdEndPoint(MiniProject1ApplicationTests.java:712)
	at java.base/java.lang.reflect.Method.invoke(Method.java:580)
	at java.base/java.util.ArrayList.forEach(ArrayList.java:1597)
	at java.base/java.util.ArrayList.forEach(ArrayList.java:1597)
]]></failure>
    <system-out><![CDATA[
MockHttpServletRequest:
      HTTP Method = DELETE
      Request URI = /order/delete/88d1465e-2229-4705-ae64-b7801ee17a7d
       Parameters = {}
          Headers = []
             Body = null
    Session Attrs = {}

Handler:
             Type = com.example.controller.OrderController
           Method = com.example.controller.OrderController#deleteOrderById(UUID)

Async:
    Async started = false
     Async result = null

Resolved Exception:
             Type = null

ModelAndView:
        View name = null
             View = null
            Model = null

FlashMap:
       Attributes = null

MockHttpServletResponse:
           Status = 200
    Error message = null
          Headers = []
     Content type = null
             Body = 
    Forwarded URL = null
   Redirected URL = null
          Cookies = []
]]></system-out>
  </testcase>
  <testcase name="testGetOrdersByUserIdEndPoint" classname="com.example.MiniProject1.MiniProject1ApplicationTests" time="0.025"/>
  <testcase name="testDeleteProductByIdEndPoint1" classname="com.example.MiniProject1.MiniProject1ApplicationTests" time="0.009">
    <failure message="Response content expected:&lt;Product deleted successfully&gt; but was:&lt;&gt;" type="java.lang.AssertionError"><![CDATA[java.lang.AssertionError: Response content expected:<Product deleted successfully> but was:<>
	at org.springframework.test.util.AssertionErrors.fail(AssertionErrors.java:61)
	at org.springframework.test.util.AssertionErrors.assertEquals(AssertionErrors.java:128)
	at org.springframework.test.web.servlet.result.ContentResultMatchers.lambda$string$4(ContentResultMatchers.java:148)
	at org.springframework.test.web.servlet.MockMvc$1.andExpect(MockMvc.java:214)
	at com.example.MiniProject1.MiniProject1ApplicationTests.testDeleteProductByIdEndPoint1(MiniProject1ApplicationTests.java:592)
	at java.base/java.lang.reflect.Method.invoke(Method.java:580)
	at java.base/java.util.ArrayList.forEach(ArrayList.java:1597)
	at java.base/java.util.ArrayList.forEach(ArrayList.java:1597)
]]></failure>
    <system-out><![CDATA[
MockHttpServletRequest:
      HTTP Method = DELETE
      Request URI = /product/delete/d556cd26-1017-47dd-a03e-0c644fa9d5f8
       Parameters = {}
          Headers = []
             Body = null
    Session Attrs = {}

Handler:
             Type = com.example.controller.ProductController
           Method = com.example.controller.ProductController#deleteProductById(UUID)

Async:
    Async started = false
     Async result = null

Resolved Exception:
             Type = null

ModelAndView:
        View name = null
             View = null
            Model = null

FlashMap:
       Attributes = null

MockHttpServletResponse:
           Status = 200
    Error message = null
          Headers = []
     Content type = null
             Body = 
    Forwarded URL = null
   Redirected URL = null
          Cookies = []
]]></system-out>
  </testcase>
  <testcase name="testAddUserEndPoint" classname="com.example.MiniProject1.MiniProject1ApplicationTests" time="0.024">
    <system-out><![CDATA[saved userUser(id=2f86161f-82a6-4210-ab87-0d6f9362b94c, name=Test User3, orders=[])]]></system-out>
  </testcase>
  <testcase name="testGetCartsEndPoint" classname="com.example.MiniProject1.MiniProject1ApplicationTests" time="0.014"/>
  <testcase name="testAddOrderToUserEndPoint" classname="com.example.MiniProject1.MiniProject1ApplicationTests" time="0.034">
    <system-out><![CDATA[ orderOrder(id=4f687679-3144-4fed-8427-98a1a0a3b7f8, userId=0cf3549d-24f5-43a5-9f4c-5ec35fab82ef, totalPrice=10.0, products=[Product(id=46bc7dad-7f5d-4703-9573-d6144397c968, name=Test Product, price=10.0)])
saved order1
]]></system-out>
  </testcase>
  <testcase name="testUpdateProductEndPoint" classname="com.example.MiniProject1.MiniProject1ApplicationTests" time="0.019">
    <error message="No content to map due to end-of-input&#10; at [Source: REDACTED (`StreamReadFeature.INCLUDE_SOURCE_IN_LOCATION` disabled); line: 1]" type="com.fasterxml.jackson.databind.exc.MismatchedInputException"><![CDATA[com.fasterxml.jackson.databind.exc.MismatchedInputException: 
No content to map due to end-of-input
 at [Source: REDACTED (`StreamReadFeature.INCLUDE_SOURCE_IN_LOCATION` disabled); line: 1]
	at com.fasterxml.jackson.databind.exc.MismatchedInputException.from(MismatchedInputException.java:59)
	at com.fasterxml.jackson.databind.ObjectMapper._initForReading(ObjectMapper.java:5008)
	at com.fasterxml.jackson.databind.ObjectMapper._readMapAndClose(ObjectMapper.java:4910)
	at com.fasterxml.jackson.databind.ObjectMapper.readValue(ObjectMapper.java:3860)
	at com.fasterxml.jackson.databind.ObjectMapper.readValue(ObjectMapper.java:3828)
	at com.example.MiniProject1.MiniProject1ApplicationTests.testUpdateProductEndPoint(MiniProject1ApplicationTests.java:557)
	at java.base/java.lang.reflect.Method.invoke(Method.java:580)
	at java.base/java.util.ArrayList.forEach(ArrayList.java:1597)
	at java.base/java.util.ArrayList.forEach(ArrayList.java:1597)
]]></error>
    <system-out><![CDATA[
MockHttpServletRequest:
      HTTP Method = PUT
      Request URI = /product/update/5613a457-4708-4e92-935d-54806741725e
       Parameters = {}
          Headers = [Content-Type:"application/json;charset=UTF-8", Content-Length:"41"]
             Body = {"newName":"UpdatedName","newPrice":20.0}
    Session Attrs = {}

Handler:
             Type = com.example.controller.ProductController
           Method = com.example.controller.ProductController#updateProduct(UUID, Map)

Async:
    Async started = false
     Async result = null

Resolved Exception:
             Type = null

ModelAndView:
        View name = null
             View = null
            Model = null

FlashMap:
       Attributes = null

MockHttpServletResponse:
           Status = 200
    Error message = null
          Headers = []
     Content type = null
             Body = 
    Forwarded URL = null
   Redirected URL = null
          Cookies = []
]]></system-out>
  </testcase>
  <testcase name="testRemoveOrderOfUserEndPoint" classname="com.example.MiniProject1.MiniProject1ApplicationTests" time="0.021"/>
  <testcase name="testGetProductByIdEndPoint" classname="com.example.MiniProject1.MiniProject1ApplicationTests" time="0.02"/>
  <testcase name="testGetProductsEndPoint" classname="com.example.MiniProject1.MiniProject1ApplicationTests" time="0.014"/>
  <testcase name="testAddProductEndPoint" classname="com.example.MiniProject1.MiniProject1ApplicationTests" time="0.017"/>
  <testcase name="testDeleteProductFromCartEndPoint1" classname="com.example.MiniProject1.MiniProject1ApplicationTests" time="0.008">
    <failure message="Response content expected:&lt;Product deleted from cart&gt; but was:&lt;&gt;" type="java.lang.AssertionError"><![CDATA[java.lang.AssertionError: Response content expected:<Product deleted from cart> but was:<>
	at org.springframework.test.util.AssertionErrors.fail(AssertionErrors.java:61)
	at org.springframework.test.util.AssertionErrors.assertEquals(AssertionErrors.java:128)
	at org.springframework.test.web.servlet.result.ContentResultMatchers.lambda$string$4(ContentResultMatchers.java:148)
	at org.springframework.test.web.servlet.MockMvc$1.andExpect(MockMvc.java:214)
	at com.example.MiniProject1.MiniProject1ApplicationTests.testDeleteProductFromCartEndPoint1(MiniProject1ApplicationTests.java:430)
	at java.base/java.lang.reflect.Method.invoke(Method.java:580)
	at java.base/java.util.ArrayList.forEach(ArrayList.java:1597)
	at java.base/java.util.ArrayList.forEach(ArrayList.java:1597)
]]></failure>
    <system-out><![CDATA[
MockHttpServletRequest:
      HTTP Method = PUT
      Request URI = /user/deleteProductFromCart
       Parameters = {userId=[6ae3562c-e181-4b72-9f80-c54c67d44224], productId=[a712ab1a-a651-4e92-9d2e-e9267d4ff3aa]}
          Headers = []
             Body = null
    Session Attrs = {}

Handler:
             Type = com.example.controller.UserController
           Method = com.example.controller.UserController#deleteProductFromCart(UUID, UUID)

Async:
    Async started = false
     Async result = null

Resolved Exception:
             Type = null

ModelAndView:
        View name = null
             View = null
            Model = null

FlashMap:
       Attributes = null

MockHttpServletResponse:
           Status = 200
    Error message = null
          Headers = []
     Content type = null
             Body = 
    Forwarded URL = null
   Redirected URL = null
          Cookies = []
]]></system-out>
  </testcase>
  <testcase name="testDeleteProductFromCartEndPoint2" classname="com.example.MiniProject1.MiniProject1ApplicationTests" time="0.008">
    <failure message="Response content expected:&lt;Cart is empty&gt; but was:&lt;&gt;" type="java.lang.AssertionError"><![CDATA[java.lang.AssertionError: Response content expected:<Cart is empty> but was:<>
	at org.springframework.test.util.AssertionErrors.fail(AssertionErrors.java:61)
	at org.springframework.test.util.AssertionErrors.assertEquals(AssertionErrors.java:128)
	at org.springframework.test.web.servlet.result.ContentResultMatchers.lambda$string$4(ContentResultMatchers.java:148)
	at org.springframework.test.web.servlet.MockMvc$1.andExpect(MockMvc.java:214)
	at com.example.MiniProject1.MiniProject1ApplicationTests.testDeleteProductFromCartEndPoint2(MiniProject1ApplicationTests.java:449)
	at java.base/java.lang.reflect.Method.invoke(Method.java:580)
	at java.base/java.util.ArrayList.forEach(ArrayList.java:1597)
	at java.base/java.util.ArrayList.forEach(ArrayList.java:1597)
]]></failure>
    <system-out><![CDATA[
MockHttpServletRequest:
      HTTP Method = PUT
      Request URI = /user/deleteProductFromCart
       Parameters = {userId=[84483e4e-bc20-4d47-b02d-f784cc77eac7], productId=[97d2ffbc-ee8d-42da-a273-50becaacb647]}
          Headers = []
             Body = null
    Session Attrs = {}

Handler:
             Type = com.example.controller.UserController
           Method = com.example.controller.UserController#deleteProductFromCart(UUID, UUID)

Async:
    Async started = false
     Async result = null

Resolved Exception:
             Type = null

ModelAndView:
        View name = null
             View = null
            Model = null

FlashMap:
       Attributes = null

MockHttpServletResponse:
           Status = 200
    Error message = null
          Headers = []
     Content type = null
             Body = 
    Forwarded URL = null
   Redirected URL = null
          Cookies = []
]]></system-out>
  </testcase>
  <testcase name="testDeleteOrderByIdEndPoint2" classname="com.example.MiniProject1.MiniProject1ApplicationTests" time="0.008">
    <failure message="Response content expected:&lt;Order not found&gt; but was:&lt;&gt;" type="java.lang.AssertionError"><![CDATA[java.lang.AssertionError: Response content expected:<Order not found> but was:<>
	at org.springframework.test.util.AssertionErrors.fail(AssertionErrors.java:61)
	at org.springframework.test.util.AssertionErrors.assertEquals(AssertionErrors.java:128)
	at org.springframework.test.web.servlet.result.ContentResultMatchers.lambda$string$4(ContentResultMatchers.java:148)
	at org.springframework.test.web.servlet.MockMvc$1.andExpect(MockMvc.java:214)
	at com.example.MiniProject1.MiniProject1ApplicationTests.testDeleteOrderByIdEndPoint2(MiniProject1ApplicationTests.java:720)
	at java.base/java.lang.reflect.Method.invoke(Method.java:580)
	at java.base/java.util.ArrayList.forEach(ArrayList.java:1597)
	at java.base/java.util.ArrayList.forEach(ArrayList.java:1597)
]]></failure>
    <system-out><![CDATA[
MockHttpServletRequest:
      HTTP Method = DELETE
      Request URI = /order/delete/f3ded2e0-bb61-4f1e-987a-d8b4d31a612f
       Parameters = {}
          Headers = []
             Body = null
    Session Attrs = {}

Handler:
             Type = com.example.controller.OrderController
           Method = com.example.controller.OrderController#deleteOrderById(UUID)

Async:
    Async started = false
     Async result = null

Resolved Exception:
             Type = null

ModelAndView:
        View name = null
             View = null
            Model = null

FlashMap:
       Attributes = null

MockHttpServletResponse:
           Status = 200
    Error message = null
          Headers = []
     Content type = null
             Body = 
    Forwarded URL = null
   Redirected URL = null
          Cookies = []
]]></system-out>
  </testcase>
  <testcase name="testGetOrdersEndPoint" classname="com.example.MiniProject1.MiniProject1ApplicationTests" time="0.007">
    <error message="No content to map due to end-of-input&#10; at [Source: REDACTED (`StreamReadFeature.INCLUDE_SOURCE_IN_LOCATION` disabled); line: 1]" type="com.fasterxml.jackson.databind.exc.MismatchedInputException"><![CDATA[com.fasterxml.jackson.databind.exc.MismatchedInputException: 
No content to map due to end-of-input
 at [Source: REDACTED (`StreamReadFeature.INCLUDE_SOURCE_IN_LOCATION` disabled); line: 1]
	at com.fasterxml.jackson.databind.exc.MismatchedInputException.from(MismatchedInputException.java:59)
	at com.fasterxml.jackson.databind.ObjectMapper._initForReading(ObjectMapper.java:5008)
	at com.fasterxml.jackson.databind.ObjectMapper._readMapAndClose(ObjectMapper.java:4910)
	at com.fasterxml.jackson.databind.ObjectMapper.readValue(ObjectMapper.java:3860)
	at com.fasterxml.jackson.databind.ObjectMapper.readValue(ObjectMapper.java:3843)
	at com.example.MiniProject1.MiniProject1ApplicationTests.testGetOrdersEndPoint(MiniProject1ApplicationTests.java:686)
	at java.base/java.lang.reflect.Method.invoke(Method.java:580)
	at java.base/java.util.ArrayList.forEach(ArrayList.java:1597)
	at java.base/java.util.ArrayList.forEach(ArrayList.java:1597)
]]></error>
    <system-out><![CDATA[
MockHttpServletRequest:
      HTTP Method = GET
      Request URI = /order/
       Parameters = {}
          Headers = [Content-Type:"application/json;charset=UTF-8"]
             Body = null
    Session Attrs = {}

Handler:
             Type = com.example.controller.OrderController
           Method = com.example.controller.OrderController#getOrders()

Async:
    Async started = false
     Async result = null

Resolved Exception:
             Type = null

ModelAndView:
        View name = null
             View = null
            Model = null

FlashMap:
       Attributes = null

MockHttpServletResponse:
           Status = 200
    Error message = null
          Headers = []
     Content type = null
             Body = 
    Forwarded URL = null
   Redirected URL = null
          Cookies = []
]]></system-out>
  </testcase>
  <testcase name="testGetOrderByIdEndPoint" classname="com.example.MiniProject1.MiniProject1ApplicationTests" time="0.011">
    <error message="org.json.JSONException: Unparsable JSON string: " type="java.lang.IllegalStateException"><![CDATA[java.lang.IllegalStateException: org.json.JSONException: Unparsable JSON string: 
	at org.springframework.test.json.JsonAssert$JsonAssertJsonComparator.compare(JsonAssert.java:98)
	at org.springframework.test.json.JsonComparator.assertIsMatch(JsonComparator.java:48)
	at org.springframework.test.web.servlet.result.ContentResultMatchers.lambda$json$9(ContentResultMatchers.java:261)
	at org.springframework.test.web.servlet.MockMvc$1.andExpect(MockMvc.java:214)
	at com.example.MiniProject1.MiniProject1ApplicationTests.testGetOrderByIdEndPoint(MiniProject1ApplicationTests.java:698)
	at java.base/java.lang.reflect.Method.invoke(Method.java:580)
	at java.base/java.util.ArrayList.forEach(ArrayList.java:1597)
	at java.base/java.util.ArrayList.forEach(ArrayList.java:1597)
Caused by: org.json.JSONException: Unparsable JSON string: 
	at org.skyscreamer.jsonassert.JSONParser.parseJSON(JSONParser.java:56)
	at org.skyscreamer.jsonassert.JSONCompare.compareJSON(JSONCompare.java:50)
	at org.springframework.test.json.JsonAssert$JsonAssertJsonComparator.compare(JsonAssert.java:92)
	... 7 more
]]></error>
    <system-out><![CDATA[
MockHttpServletRequest:
      HTTP Method = GET
      Request URI = /order/17e61e9e-4dbe-4438-9c55-d502ab0cbe26
       Parameters = {}
          Headers = []
             Body = null
    Session Attrs = {}

Handler:
             Type = com.example.controller.OrderController
           Method = com.example.controller.OrderController#getOrderById(UUID)

Async:
    Async started = false
     Async result = null

Resolved Exception:
             Type = null

ModelAndView:
        View name = null
             View = null
            Model = null

FlashMap:
       Attributes = null

MockHttpServletResponse:
           Status = 200
    Error message = null
          Headers = []
     Content type = null
             Body = 
    Forwarded URL = null
   Redirected URL = null
          Cookies = []
]]></system-out>
  </testcase>
  <testcase name="testAddProductToCartEndPoint" classname="com.example.MiniProject1.MiniProject1ApplicationTests" time="0.008">
    <failure message="Response content expected:&lt;Product added to cart&gt; but was:&lt;&gt;" type="java.lang.AssertionError"><![CDATA[java.lang.AssertionError: Response content expected:<Product added to cart> but was:<>
	at org.springframework.test.util.AssertionErrors.fail(AssertionErrors.java:61)
	at org.springframework.test.util.AssertionErrors.assertEquals(AssertionErrors.java:128)
	at org.springframework.test.web.servlet.result.ContentResultMatchers.lambda$string$4(ContentResultMatchers.java:148)
	at org.springframework.test.web.servlet.MockMvc$1.andExpect(MockMvc.java:214)
	at com.example.MiniProject1.MiniProject1ApplicationTests.testAddProductToCartEndPoint(MiniProject1ApplicationTests.java:408)
	at java.base/java.lang.reflect.Method.invoke(Method.java:580)
	at java.base/java.util.ArrayList.forEach(ArrayList.java:1597)
	at java.base/java.util.ArrayList.forEach(ArrayList.java:1597)
]]></failure>
    <system-out><![CDATA[
MockHttpServletRequest:
      HTTP Method = PUT
      Request URI = /user/addProductToCart
       Parameters = {userId=[73626a62-50c2-4246-99a3-edf9ccf92d54], productId=[c72a7e0a-d252-4973-988c-3a85bd21bf7f]}
          Headers = []
             Body = null
    Session Attrs = {}

Handler:
             Type = com.example.controller.UserController
           Method = com.example.controller.UserController#addProductToCart(UUID, UUID)

Async:
    Async started = false
     Async result = null

Resolved Exception:
             Type = null

ModelAndView:
        View name = null
             View = null
            Model = null

FlashMap:
       Attributes = null

MockHttpServletResponse:
           Status = 200
    Error message = null
          Headers = []
     Content type = null
             Body = 
    Forwarded URL = null
   Redirected URL = null
          Cookies = []
]]></system-out>
  </testcase>
  <testcase name="testAddCartEndPoint" classname="com.example.MiniProject1.MiniProject1ApplicationTests" time="0.017"/>
  <testcase name="testDeleteCartByIdEndPoint" classname="com.example.MiniProject1.MiniProject1ApplicationTests" time="0.014"/>
  <testcase name="testGetUserByIdEndPoint" classname="com.example.MiniProject1.MiniProject1ApplicationTests" time="0.016"/>
  <testcase name="testDeleteUserByIdEndPoint1" classname="com.example.MiniProject1.MiniProject1ApplicationTests" time="0.015"/>
  <testcase name="testDeleteUserByIdEndPoint2" classname="com.example.MiniProject1.MiniProject1ApplicationTests" time="0.017"/>
</testsuite>