<?xml version="1.0" encoding="UTF-8"?>
<testsuite xmlns:xsi="http://www.w3.org/2001/XMLSchema-instance" xsi:noNamespaceSchemaLocation="https://maven.apache.org/surefire/maven-surefire-plugin/xsd/surefire-test-report.xsd" version="3.0.2" name="com.example.MiniProject1.CartServiceTest" time="1.326" tests="21" errors="0" skipped="0" failures="1">
  <properties>
[...]
</properties>
  <testcase name="getCarts_ShouldReturnMultipleCarts_WhenMultipleCartsExist" classname="com.example.MiniProject1.CartServiceTest" time="1.152">
    <system-err><![CDATA[Mockito is currently self-attaching to enable the inline-mock-maker. This will no longer work in future releases of the JDK. Please add Mockito as an agent to your build what is described in Mockito's documentation: https://javadoc.io/doc/org.mockito/mockito-core/latest/org/mockito/Mockito.html#0.3
WARNING: A Java agent has been loaded dynamically (C:\Users\goga3\.m2\repository\net\bytebuddy\byte-buddy-agent\1.15.11\byte-buddy-agent-1.15.11.jar)
WARNING: If a serviceability tool is in use, please run with -XX:+EnableDynamicAgentLoading to hide this warning
WARNING: If a serviceability tool is not in use, please run with -Djdk.instrument.traceUsage for more information
WARNING: Dynamic loading of agents will be disallowed by default in a future release
]]></system-err>
  </testcase>
  <testcase name="addCart_ShouldReturnAddedCart_WhenValidCartProvided" classname="com.example.MiniProject1.CartServiceTest" time="0.016"/>
  <testcase name="getCarts_ShouldReturnListOfCarts_WhenOneCartExists" classname="com.example.MiniProject1.CartServiceTest" time="0.005"/>
  <testcase name="getCartByUserId_ShouldReturnCart_WhenValidUserIdProvided" classname="com.example.MiniProject1.CartServiceTest" time="0.004"/>
  <testcase name="deleteCartById_ShouldCallRepository_WhenValidCartIdProvided" classname="com.example.MiniProject1.CartServiceTest" time="0.007"/>
  <testcase name="deleteCartById_ShouldThrowException_WhenCartDoesNotExist" classname="com.example.MiniProject1.CartServiceTest" time="0.012"/>
  <testcase name="deleteCartById_ShouldThrowException_WhenCartIdIsNull" classname="com.example.MiniProject1.CartServiceTest" time="0.004"/>
  <testcase name="deleteProductFromCart_ShouldCallRepository_WhenValidInputsProvided" classname="com.example.MiniProject1.CartServiceTest" time="0.003">
    <system-out><![CDATA[hhhh]]></system-out>
  </testcase>
  <testcase name="addCart_ShouldThrowException_WhenCartIsNull" classname="com.example.MiniProject1.CartServiceTest" time="0.006"/>
  <testcase name="getCartByUserId_ShouldThrowException_WhenUserIdIsNull" classname="com.example.MiniProject1.CartServiceTest" time="0.004"/>
  <testcase name="addProductToCart_ShouldThrowException_WhenProductIsNull" classname="com.example.MiniProject1.CartServiceTest" time="0.015">
    <failure message="Unexpected exception type thrown, expected: &lt;java.lang.IllegalArgumentException&gt; but was: &lt;java.lang.NullPointerException&gt;" type="org.opentest4j.AssertionFailedError"><![CDATA[org.opentest4j.AssertionFailedError: Unexpected exception type thrown, expected: <java.lang.IllegalArgumentException> but was: <java.lang.NullPointerException>
	at org.junit.jupiter.api.AssertionFailureBuilder.build(AssertionFailureBuilder.java:151)
	at org.junit.jupiter.api.AssertThrows.assertThrows(AssertThrows.java:67)
	at org.junit.jupiter.api.AssertThrows.assertThrows(AssertThrows.java:35)
	at org.junit.jupiter.api.Assertions.assertThrows(Assertions.java:3128)
	at com.example.MiniProject1.CartServiceTest.addProductToCart_ShouldThrowException_WhenProductIsNull(MiniProject1CartTests.java:177)
	at java.base/java.lang.reflect.Method.invoke(Method.java:580)
	at java.base/java.util.ArrayList.forEach(ArrayList.java:1597)
	at java.base/java.util.ArrayList.forEach(ArrayList.java:1597)
Caused by: java.lang.NullPointerException: Cannot invoke "com.example.model.Product.getName()" because "product" is null
	at com.example.service.CartService.addProductToCart(CartService.java:59)
	at com.example.MiniProject1.CartServiceTest.lambda$addProductToCart_ShouldThrowException_WhenProductIsNull$6(MiniProject1CartTests.java:177)
	at org.junit.jupiter.api.AssertThrows.assertThrows(AssertThrows.java:53)
	... 6 more
]]></failure>
  </testcase>
  <testcase name="getCartByUserId_ShouldThrowException_WhenCartNotFound" classname="com.example.MiniProject1.CartServiceTest" time="0.004"/>
  <testcase name="addProductToCart_ShouldCallRepository_WhenValidInputsProvided" classname="com.example.MiniProject1.CartServiceTest" time="0.01">
    <system-out><![CDATA[Adding product Test Product to 5c6df01f-c05d-4386-9c77-8a2fa32bc106]]></system-out>
  </testcase>
  <testcase name="getCarts_ShouldReturnEmptyList_WhenNoCartsExist" classname="com.example.MiniProject1.CartServiceTest" time="0.006"/>
  <testcase name="getCartById_ShouldThrowException_WhenIdIsNull" classname="com.example.MiniProject1.CartServiceTest" time="0.003"/>
  <testcase name="getCartById_ShouldReturnCart_WhenValidIdProvided" classname="com.example.MiniProject1.CartServiceTest" time="0.003"/>
  <testcase name="deleteProductFromCart_ShouldThrowException_WhenCartIdIsNull" classname="com.example.MiniProject1.CartServiceTest" time="0.003">
    <system-out><![CDATA[hhhh]]></system-out>
  </testcase>
  <testcase name="getCartById_ShouldThrowException_WhenCartNotFound" classname="com.example.MiniProject1.CartServiceTest" time="0.005"/>
  <testcase name="addProductToCart_ShouldThrowException_WhenCartIdIsNull" classname="com.example.MiniProject1.CartServiceTest" time="0.004">
    <system-out><![CDATA[Adding product Test Product to null]]></system-out>
  </testcase>
  <testcase name="deleteProductFromCart_ShouldThrowException_WhenProductIsNull" classname="com.example.MiniProject1.CartServiceTest" time="0.003">
    <system-out><![CDATA[hhhh]]></system-out>
  </testcase>
  <testcase name="addCart_ShouldReturnEmptyCart_WhenCartHasNoProducts" classname="com.example.MiniProject1.CartServiceTest" time="0.003"/>
</testsuite>