<?xml version="1.0" encoding="UTF-8"?>
<testsuite xmlns:xsi="http://www.w3.org/2001/XMLSchema-instance" xsi:noNamespaceSchemaLocation="https://maven.apache.org/surefire/maven-surefire-plugin/xsd/surefire-test-report.xsd" version="3.0.2" name="com.example.MiniProject1.MiniProject1UserTests" time="0.258" tests="19" errors="2" skipped="0" failures="0">
  <properties>
[...]
</properties>
  <testcase name="testGetUsers_NoUsers_ShouldReturnEmptyList" classname="com.example.MiniProject1.MiniProject1UserTests" time="0.007">
    <system-out><![CDATA[2025-03-03T12:57:58.922+02:00  INFO 3520 --- [MiniProject1] [           main] t.c.s.AnnotationConfigContextLoaderUtils : Could not detect default configuration classes for test class [com.example.MiniProject1.MiniProject1UserTests]: MiniProject1UserTests does not declare any static, non-private, non-final, nested classes annotated with @Configuration.
2025-03-03T12:57:58.924+02:00  INFO 3520 --- [MiniProject1] [           main] .b.t.c.SpringBootTestContextBootstrapper : Found @SpringBootConfiguration com.example.MiniProject1.MiniProject1Application for test class com.example.MiniProject1.MiniProject1UserTests
]]></system-out>
  </testcase>
  <testcase name="testGetOrdersByUserId_UserNotFound_ShouldThrowRuntimeException" classname="com.example.MiniProject1.MiniProject1UserTests" time="0.007"/>
  <testcase name="testAddUser_ExistingUser_ShouldThrowException" classname="com.example.MiniProject1.MiniProject1UserTests" time="0.013">
    <system-out><![CDATA[Exception caught: User already exists
]]></system-out>
  </testcase>
  <testcase name="deleteUserById_whenUserListIsEmpty_shouldThrowException" classname="com.example.MiniProject1.MiniProject1UserTests" time="0.004"/>
  <testcase name="testGetUserById_UserNotFound_ShouldThrowRuntimeException" classname="com.example.MiniProject1.MiniProject1UserTests" time="0.005"/>
  <testcase name="testGetUsers_WithUsers_ShouldReturnListOfUsers" classname="com.example.MiniProject1.MiniProject1UserTests" time="0.023">
    <system-out><![CDATA[saved userUser(id=null, name=Alice, orders=[Order(id=fce9ff24-00ff-40aa-9d40-7bf290bbc36b, userId=1c0d20d9-a136-4012-af60-5c6de4d409ae, totalPrice=20.0, products=[Product(id=null, name=Product A, price=10.0)])])saved userUser(id=null, name=Alice, orders=[Order(id=fce9ff24-00ff-40aa-9d40-7bf290bbc36b, userId=1c0d20d9-a136-4012-af60-5c6de4d409ae, totalPrice=20.0, products=[Product(id=null, name=Product A, price=10.0)])])saved userUser(id=null, name=Bob, orders=[Order(id=c1474e95-93d3-4fcc-a624-c8260599d843, userId=098539c0-2902-449d-9426-7425b05b5910, totalPrice=30.0, products=[Product(id=null, name=Product B, price=15.0)])])]]></system-out>
  </testcase>
  <testcase name="testGetOrdersByUserId_NullUserId_ShouldThrowIllegalArgumentException" classname="com.example.MiniProject1.MiniProject1UserTests" time="0.004"/>
  <testcase name="deleteUserById_withInvalidId_shouldThrowException" classname="com.example.MiniProject1.MiniProject1UserTests" time="0.011"/>
  <testcase name="testGetUsers_ExceptionThrown_ShouldReturnEmptyList" classname="com.example.MiniProject1.MiniProject1UserTests" time="0.004"/>
  <testcase name="testAddUser_NullUser_ShouldThrowException" classname="com.example.MiniProject1.MiniProject1UserTests" time="0.004">
    <system-out><![CDATA[Exception caught: User cannot be null
]]></system-out>
  </testcase>
  <testcase name="deleteUserById_withValidId_shouldDeleteUser" classname="com.example.MiniProject1.MiniProject1UserTests" time="0.012"/>
  <testcase name="testGetOrdersByUserId_UserExistsWithOrders_ShouldReturnOrders" classname="com.example.MiniProject1.MiniProject1UserTests" time="0.013">
    <system-out><![CDATA[saved userUser(id=0817e05b-d75e-4d12-b45f-2973388f6b51, name=Test User, orders=[Order(id=bd262e9d-4d71-443d-ae7e-9f012b5c4045, userId=0817e05b-d75e-4d12-b45f-2973388f6b51, totalPrice=100.0, products=[])])]]></system-out>
  </testcase>
  <testcase name="testGetOrdersByUserId_UserExistsWithEmptyOrderList_ShouldReturnEmptyList" classname="com.example.MiniProject1.MiniProject1UserTests" time="0.011">
    <system-out><![CDATA[saved userUser(id=d34cbf1b-cf5a-4c40-8363-db2c13f580df, name=Test User, orders=[])]]></system-out>
  </testcase>
  <testcase name="removeOrderFromUser_withInvalidUser_shouldThrowException" classname="com.example.MiniProject1.MiniProject1UserTests" time="0.004"/>
  <testcase name="removeOrderFromUser_withValidUserAndSingleOrder_ShouldRemoveOrderSuccessfully" classname="com.example.MiniProject1.MiniProject1UserTests" time="0.015">
    <error message="404 NOT_FOUND &quot;Cart not found&quot;" type="org.springframework.web.server.ResponseStatusException"><![CDATA[org.springframework.web.server.ResponseStatusException: 404 NOT_FOUND "Cart not found"
	at com.example.repository.CartRepository.getCartByUserId(CartRepository.java:57)
	at java.base/jdk.internal.reflect.DirectMethodHandleAccessor.invoke(DirectMethodHandleAccessor.java:103)
	at java.base/java.lang.reflect.Method.invoke(Method.java:580)
	at org.springframework.aop.support.AopUtils.invokeJoinpointUsingReflection(AopUtils.java:359)
	at org.springframework.aop.framework.ReflectiveMethodInvocation.invokeJoinpoint(ReflectiveMethodInvocation.java:196)
	at org.springframework.aop.framework.ReflectiveMethodInvocation.proceed(ReflectiveMethodInvocation.java:163)
	at org.springframework.dao.support.PersistenceExceptionTranslationInterceptor.invoke(PersistenceExceptionTranslationInterceptor.java:138)
	at org.springframework.aop.framework.ReflectiveMethodInvocation.proceed(ReflectiveMethodInvocation.java:184)
	at org.springframework.aop.framework.CglibAopProxy$DynamicAdvisedInterceptor.intercept(CglibAopProxy.java:727)
	at com.example.repository.CartRepository$$SpringCGLIB$$0.getCartByUserId(<generated>)
	at com.example.repository.UserRepository.emptyCart(UserRepository.java:107)
	at com.example.repository.UserRepository.addOrderToUser(UserRepository.java:99)
	at java.base/jdk.internal.reflect.DirectMethodHandleAccessor.invoke(DirectMethodHandleAccessor.java:103)
	at java.base/java.lang.reflect.Method.invoke(Method.java:580)
	at org.springframework.aop.support.AopUtils.invokeJoinpointUsingReflection(AopUtils.java:359)
	at org.springframework.aop.framework.ReflectiveMethodInvocation.invokeJoinpoint(ReflectiveMethodInvocation.java:196)
	at org.springframework.aop.framework.ReflectiveMethodInvocation.proceed(ReflectiveMethodInvocation.java:163)
	at org.springframework.dao.support.PersistenceExceptionTranslationInterceptor.invoke(PersistenceExceptionTranslationInterceptor.java:138)
	at org.springframework.aop.framework.ReflectiveMethodInvocation.proceed(ReflectiveMethodInvocation.java:184)
	at org.springframework.aop.framework.CglibAopProxy$DynamicAdvisedInterceptor.intercept(CglibAopProxy.java:727)
	at com.example.repository.UserRepository$$SpringCGLIB$$0.addOrderToUser(<generated>)
	at com.example.MiniProject1.MiniProject1UserTests.removeOrderFromUser_withValidUserAndSingleOrder_ShouldRemoveOrderSuccessfully(MiniProject1UserTests.java:242)
	at java.base/java.lang.reflect.Method.invoke(Method.java:580)
	at java.base/java.util.ArrayList.forEach(ArrayList.java:1597)
	at java.base/java.util.ArrayList.forEach(ArrayList.java:1597)
]]></error>
    <system-out><![CDATA[saved userUser(id=3a285f22-ec8b-42b9-aef6-6e0c568ed442, name=TestUser, orders=[]) orderOrder(id=42f7e086-a8f0-4b7e-87b6-d93d87ec32ca, userId=3a285f22-ec8b-42b9-aef6-6e0c568ed442, totalPrice=100.0, products=[])
]]></system-out>
  </testcase>
  <testcase name="removeOrderFromUser_withInvalidOrder_ShouldThrowException" classname="com.example.MiniProject1.MiniProject1UserTests" time="0.017">
    <error message="404 NOT_FOUND &quot;Cart not found&quot;" type="org.springframework.web.server.ResponseStatusException"><![CDATA[org.springframework.web.server.ResponseStatusException: 404 NOT_FOUND "Cart not found"
	at com.example.repository.CartRepository.getCartByUserId(CartRepository.java:57)
	at java.base/jdk.internal.reflect.DirectMethodHandleAccessor.invoke(DirectMethodHandleAccessor.java:103)
	at java.base/java.lang.reflect.Method.invoke(Method.java:580)
	at org.springframework.aop.support.AopUtils.invokeJoinpointUsingReflection(AopUtils.java:359)
	at org.springframework.aop.framework.ReflectiveMethodInvocation.invokeJoinpoint(ReflectiveMethodInvocation.java:196)
	at org.springframework.aop.framework.ReflectiveMethodInvocation.proceed(ReflectiveMethodInvocation.java:163)
	at org.springframework.dao.support.PersistenceExceptionTranslationInterceptor.invoke(PersistenceExceptionTranslationInterceptor.java:138)
	at org.springframework.aop.framework.ReflectiveMethodInvocation.proceed(ReflectiveMethodInvocation.java:184)
	at org.springframework.aop.framework.CglibAopProxy$DynamicAdvisedInterceptor.intercept(CglibAopProxy.java:727)
	at com.example.repository.CartRepository$$SpringCGLIB$$0.getCartByUserId(<generated>)
	at com.example.repository.UserRepository.emptyCart(UserRepository.java:107)
	at com.example.repository.UserRepository.addOrderToUser(UserRepository.java:99)
	at java.base/jdk.internal.reflect.DirectMethodHandleAccessor.invoke(DirectMethodHandleAccessor.java:103)
	at java.base/java.lang.reflect.Method.invoke(Method.java:580)
	at org.springframework.aop.support.AopUtils.invokeJoinpointUsingReflection(AopUtils.java:359)
	at org.springframework.aop.framework.ReflectiveMethodInvocation.invokeJoinpoint(ReflectiveMethodInvocation.java:196)
	at org.springframework.aop.framework.ReflectiveMethodInvocation.proceed(ReflectiveMethodInvocation.java:163)
	at org.springframework.dao.support.PersistenceExceptionTranslationInterceptor.invoke(PersistenceExceptionTranslationInterceptor.java:138)
	at org.springframework.aop.framework.ReflectiveMethodInvocation.proceed(ReflectiveMethodInvocation.java:184)
	at org.springframework.aop.framework.CglibAopProxy$DynamicAdvisedInterceptor.intercept(CglibAopProxy.java:727)
	at com.example.repository.UserRepository$$SpringCGLIB$$0.addOrderToUser(<generated>)
	at com.example.MiniProject1.MiniProject1UserTests.removeOrderFromUser_withInvalidOrder_ShouldThrowException(MiniProject1UserTests.java:257)
	at java.base/java.lang.reflect.Method.invoke(Method.java:580)
	at java.base/java.util.ArrayList.forEach(ArrayList.java:1597)
	at java.base/java.util.ArrayList.forEach(ArrayList.java:1597)
]]></error>
    <system-out><![CDATA[saved userUser(id=5f2c9071-bed6-4645-bd8d-c974675a0164, name=TestUser, orders=[]) orderOrder(id=976c96e4-1dd3-4d2a-b887-5bd568dbb83c, userId=5f2c9071-bed6-4645-bd8d-c974675a0164, totalPrice=100.0, products=[])
]]></system-out>
  </testcase>
  <testcase name="testAddUser_NewUser_ShouldBeSavedSuccessfully" classname="com.example.MiniProject1.MiniProject1UserTests" time="0.01">
    <system-out><![CDATA[saved userUser(id=75c13287-1ba9-45bd-ad7e-8309359e6548, name=Jane Doe, orders=[])User added successfully: User(id=75c13287-1ba9-45bd-ad7e-8309359e6548, name=Jane Doe, orders=[])
]]></system-out>
  </testcase>
  <testcase name="testGetUserById_ValidId_ShouldReturnUser" classname="com.example.MiniProject1.MiniProject1UserTests" time="0.011">
    <system-out><![CDATA[saved userUser(id=9ca15624-33c0-4911-8799-3c9cec80755b, name=Alice, orders=[Order(id=334a0de1-8a4d-4d71-a368-ce1f27478c5f, userId=9ca15624-33c0-4911-8799-3c9cec80755b, totalPrice=50.0, products=[])])]]></system-out>
  </testcase>
  <testcase name="testGetUserById_NullUserId_ShouldThrowIllegalArgumentException" classname="com.example.MiniProject1.MiniProject1UserTests" time="0.004"/>
</testsuite>